This is LuaTeX, Version 1.10.0 (TeX Live 2019/Debian)  (format=luatex 2021.2.28)  28 FEB 2021 11:13
 restricted system commands enabled.
**resume.tex
(./resume.tex
! Undefined control sequence.
l.1 \documentclass
                []{mcdowellcv}
? 
! Interruption.
<to be read again> 
[
l.1 \documentclass[
                 ]{mcdowellcv}
? 
! Undefined control sequence.
l.3 \usepackage
             {amsmath}
? 
! Undefined control sequence.
l.5 \name
       {Diogo Gonçalves}
? 
! Undefined control sequence.
l.6 \address
          {Braga, Portugal}
? 
! Undefined control sequence.
l.7 \contacts
           {+351 933777932 \linebreak diogo.goncaalves@gmail.com  \linebreak...
? 
! Undefined control sequence.
l.7 \contacts{+351 933777932 \linebreak
                                      diogo.goncaalves@gmail.com  \linebreak...
? 
! Undefined control sequence.
l.7 ...ebreak diogo.goncaalves@gmail.com  \linebreak
                                                   goncalves-diogo.com}
? 
! Undefined control sequence.
l.9 \begin
        {document}
? 
! Undefined control sequence.
l.12 	\makeheader
               
? 
! Undefined control sequence.
l.15 	\begin
          {cvsection}{Employment}
? 
! Undefined control sequence.
l.16 		\begin
           {cvsubsection}{Bsolus}{}{October 2020 -- Present}
? 
! Undefined control sequence.
l.18 			\begin
            {itemize}
? 
[1{/var/lib/texmf/fonts/map/pdftex/updmap/pdftex.map}
Missing character: There is no ç (U+00E7) in font cmr10!
])</usr/share/texlive/texmf-dist/fonts/type1/public/amsfonts/cm/cmr10.pfb>
Output written on resume.pdf (1 page, 19910 bytes).

PDF statistics: 12 PDF objects out of 1000 (max. 8388607)
 7 compressed objects within 1 object stream
 0 named destinations out of 1000 (max. 131072)
 1 words of extra memory for PDF output out of 10000 (max. 100000000)

